<?xml version="1.0" encoding="UTF-8"?>
<testng-results ignored="0" total="1" passed="1" failed="0" skipped="0">
  <reporter-output>
  </reporter-output>
  <suite started-at="2024-07-02T08:00:25Z" name="Default suite" finished-at="2024-07-02T08:00:59Z" duration-ms="33764">
    <groups>
    </groups>
    <test started-at="2024-07-02T08:00:25Z" name="Default test" finished-at="2024-07-02T08:00:59Z" duration-ms="33764">
      <class name="org.execute.ExecutionClass">
        <test-method signature="checkMultipleUser()[pri:0, instance:org.execute.ExecutionClass@19c65cdc]" started-at="2024-07-02T08:00:25Z" name="checkMultipleUser" finished-at="2024-07-02T08:00:59Z" duration-ms="33736" status="PASS">
          <reporter-output>
          </reporter-output>
        </test-method> <!-- checkMultipleUser -->
      </class> <!-- org.execute.ExecutionClass -->
    </test> <!-- Default test -->
  </suite> <!-- Default suite -->
</testng-results>
